2021-04-11 11:37:22.262  INFO 47072 --- [main] c.c.o.OnlineSportsShopeeApplication      : Starting OnlineSportsShopeeApplication on DESKTOP-CGV2S8U with PID 47072 (C:\Users\Jishna\git\OnlineSportsShopping\OnlineSportsShopee\bin\main started by Jishna in C:\Users\Jishna\git\OnlineSportsShopping\OnlineSportsShopee)
2021-04-11 11:37:22.270  INFO 47072 --- [main] c.c.o.OnlineSportsShopeeApplication      : No active profile set, falling back to default profiles: default
2021-04-11 11:37:23.806  INFO 47072 --- [main] .s.d.r.c.RepositoryConfigurationDelegate : Bootstrapping Spring Data JPA repositories in DEFAULT mode.
2021-04-11 11:37:23.924  INFO 47072 --- [main] .s.d.r.c.RepositoryConfigurationDelegate : Finished Spring Data repository scanning in 103ms. Found 4 JPA repository interfaces.
2021-04-11 11:37:24.615  INFO 47072 --- [main] o.s.b.w.embedded.tomcat.TomcatWebServer  : Tomcat initialized with port(s): 9191 (http)
2021-04-11 11:37:24.643  INFO 47072 --- [main] o.apache.catalina.core.StandardService   : Starting service [Tomcat]
2021-04-11 11:37:24.643  INFO 47072 --- [main] org.apache.catalina.core.StandardEngine  : Starting Servlet engine: [Apache Tomcat/9.0.43]
2021-04-11 11:37:24.783  INFO 47072 --- [main] o.a.c.c.C.[Tomcat].[localhost].[/]       : Initializing Spring embedded WebApplicationContext
2021-04-11 11:37:24.783  INFO 47072 --- [main] w.s.c.ServletWebServerApplicationContext : Root WebApplicationContext: initialization completed in 2429 ms
2021-04-11 11:37:25.007  INFO 47072 --- [main] o.hibernate.jpa.internal.util.LogHelper  : HHH000204: Processing PersistenceUnitInfo [name: default]
2021-04-11 11:37:25.068  INFO 47072 --- [main] org.hibernate.Version                    : HHH000412: Hibernate ORM core version 5.4.28.Final
2021-04-11 11:37:25.251  INFO 47072 --- [main] o.hibernate.annotations.common.Version   : HCANN000001: Hibernate Commons Annotations {5.1.2.Final}
2021-04-11 11:37:25.398  INFO 47072 --- [main] com.zaxxer.hikari.HikariDataSource       : HikariPool-1 - Starting...
2021-04-11 11:37:25.583  INFO 47072 --- [main] com.zaxxer.hikari.HikariDataSource       : HikariPool-1 - Start completed.
2021-04-11 11:37:25.616  INFO 47072 --- [main] org.hibernate.dialect.Dialect            : HHH000400: Using dialect: org.hibernate.dialect.PostgreSQL10Dialect
2021-04-11 11:37:27.367  INFO 47072 --- [main] o.h.e.t.j.p.i.JtaPlatformInitiator       : HHH000490: Using JtaPlatform implementation: [org.hibernate.engine.transaction.jta.platform.internal.NoJtaPlatform]
2021-04-11 11:37:27.377  INFO 47072 --- [main] j.LocalContainerEntityManagerFactoryBean : Initialized JPA EntityManagerFactory for persistence unit 'default'
2021-04-11 11:37:27.991  WARN 47072 --- [main] JpaBaseConfiguration$JpaWebConfiguration : spring.jpa.open-in-view is enabled by default. Therefore, database queries may be performed during view rendering. Explicitly configure spring.jpa.open-in-view to disable this warning
2021-04-11 11:37:28.197  INFO 47072 --- [main] o.s.s.concurrent.ThreadPoolTaskExecutor  : Initializing ExecutorService 'applicationTaskExecutor'
2021-04-11 11:37:28.555  INFO 47072 --- [main] o.s.b.w.embedded.tomcat.TomcatWebServer  : Tomcat started on port(s): 9191 (http) with context path ''
2021-04-11 11:37:28.575  INFO 47072 --- [main] c.c.o.OnlineSportsShopeeApplication      : Started OnlineSportsShopeeApplication in 6.863 seconds (JVM running for 8.509)
2021-04-11 11:37:56.612  INFO 47072 --- [http-nio-9191-exec-1] o.a.c.c.C.[Tomcat].[localhost].[/]       : Initializing Spring DispatcherServlet 'dispatcherServlet'
2021-04-11 11:37:56.612  INFO 47072 --- [http-nio-9191-exec-1] o.s.web.servlet.DispatcherServlet        : Initializing Servlet 'dispatcherServlet'
2021-04-11 11:37:56.618  INFO 47072 --- [http-nio-9191-exec-1] o.s.web.servlet.DispatcherServlet        : Completed initialization in 6 ms
2021-04-11 11:37:56.733  WARN 47072 --- [http-nio-9191-exec-1] .w.s.m.s.DefaultHandlerExceptionResolver : Resolved [org.springframework.http.converter.HttpMessageNotReadableException: JSON parse error: Unrecognized token 'abcd': was expecting (JSON String, Number, Array, Object or token 'null', 'true' or 'false'); nested exception is com.fasterxml.jackson.core.JsonParseException: Unrecognized token 'abcd': was expecting (JSON String, Number, Array, Object or token 'null', 'true' or 'false')
 at [Source: (PushbackInputStream); line: 2, column: 22]]
2021-04-11 11:38:22.458  INFO 47072 --- [RMI TCP Connection(2)-127.0.0.1] inMXBeanRegistrar$SpringApplicationAdmin : Application shutdown requested.
2021-04-11 11:38:22.497  INFO 47072 --- [RMI TCP Connection(2)-127.0.0.1] o.s.s.concurrent.ThreadPoolTaskExecutor  : Shutting down ExecutorService 'applicationTaskExecutor'
2021-04-11 11:38:22.500  INFO 47072 --- [RMI TCP Connection(2)-127.0.0.1] j.LocalContainerEntityManagerFactoryBean : Closing JPA EntityManagerFactory for persistence unit 'default'
2021-04-11 11:38:22.503  INFO 47072 --- [RMI TCP Connection(2)-127.0.0.1] com.zaxxer.hikari.HikariDataSource       : HikariPool-1 - Shutdown initiated...
2021-04-11 11:38:22.515  INFO 47072 --- [RMI TCP Connection(2)-127.0.0.1] com.zaxxer.hikari.HikariDataSource       : HikariPool-1 - Shutdown completed.
